Arguments: 
  C:\Program Files\nodejs\node.exe C:\Users\joder\AppData\Roaming\npm\node_modules\yarn\bin\yarn.js add express

PATH: 
  C:\Program Files\Python39\Scripts\;C:\Program Files\Python39\;C:\Program Files\Common Files\Oracle\Java\javapath;C:\Program Files (x86)\Common Files\Oracle\Java\javapath;C:\WINDOWS\system32;C:\WINDOWS;C:\WINDOWS\System32\Wbem;C:\WINDOWS\System32\WindowsPowerShell\v1.0\;C:\WINDOWS\System32\OpenSSH\;C:\Program Files\Git\cmd;C:\Program Files\dotnet\;C:\Program Files\nodejs\;C:\Users\joder\AppData\Local\Programs\Python\Python39;C:\Users\joder\AppData\Local\Programs\Python\Python39\Scripts;C:\Program Files\MySQL\MySQL Shell 8.0\bin\;C:\Users\joder\AppData\Local\Microsoft\WindowsApps;C:\Users\joder\AppData\Local\Programs\Microsoft VS Code\bin;C:\Users\joder\AppData\Local\Programs\Python\Python36-32\Scripts;C:\Users\joder\.dotnet\tools;C:\Users\joder\AppData\Roaming\npm;

Yarn version: 
  1.22.17

Node version: 
  16.9.0

Platform: 
  win32 x64

Trace: 
  Error: connect EHOSTUNREACH 104.16.25.35:443
      at TCPConnectWrap.afterConnect [as oncomplete] (node:net:1146:16)

npm manifest: 
  {
    "name": "back",
    "version": "1.0.0",
    "main": "index.js",
    "license": "MIT"
  }

yarn manifest: 
  No manifest

Lockfile: 
  No lockfile
